<?xml version="1.0" encoding="UTF-8"?>
<!-- Generated by org.testng.reporters.JUnitReportReporter -->
<testsuite hostname="Raj" failures="0" tests="2" name="testng.beforeMethod_annitations" time="0.035" errors="0" timestamp="2024-09-23T08:29:10 IST" skipped="0">
  <testcase classname="testng.beforeMethod_annitations" name="search" time="0.017"/>
  <system-out/>
  <testcase classname="testng.beforeMethod_annitations" name="advSearch" time="0.018"/>
  <system-out/>
</testsuite> <!-- testng.beforeMethod_annitations -->
