<?xml version="1.0" encoding="UTF-8"?>
<!-- Generated by org.testng.reporters.JUnitReportReporter -->
<testsuite hostname="Raj" failures="0" tests="4" name="testng.test" time="11.166" errors="0" timestamp="2024-09-22T16:02:56 IST" skipped="0">
  <testcase classname="testng.test" name="log" time="11.154"/>
  <system-out/>
  <testcase classname="testng.test" name="openUrl" time="0.003"/>
  <system-out/>
  <testcase classname="testng.test" name="login" time="0.007"/>
  <system-out/>
  <testcase classname="testng.test" name="logout" time="0.002"/>
  <system-out/>
</testsuite> <!-- testng.test -->
