<?xml version="1.0" encoding="UTF-8"?>
<!-- Generated by org.testng.reporters.JUnitReportReporter -->
<testsuite hostname="Raj" failures="0" tests="4" name="testng.orangeHRM" time="19.009" errors="0" timestamp="2024-09-22T16:02:56 IST" skipped="0">
  <testcase classname="testng.orangeHRM" name="openApp" time="10.108"/>
  <system-out/>
  <testcase classname="testng.orangeHRM" name="testLogo" time="3.541"/>
  <system-out/>
  <testcase classname="testng.orangeHRM" name="testLogin" time="2.028"/>
  <system-out/>
  <testcase classname="testng.orangeHRM" name="testLogout" time="3.332"/>
  <system-out/>
</testsuite> <!-- testng.orangeHRM -->
