<?xml version="1.0" encoding="UTF-8"?>
<!-- Generated by org.testng.reporters.JUnitReportReporter -->
<testsuite hostname="Raj" failures="0" tests="3" name="grouping_testng.signup" time="0.040" errors="0" timestamp="2024-09-25T08:54:47 IST" skipped="0">
  <testcase classname="grouping_testng.signup" name="loginGmail" time="0.030"/>
  <system-out/>
  <testcase classname="grouping_testng.signup" name="loginnaukri" time="0.004"/>
  <system-out/>
  <testcase classname="grouping_testng.signup" name="loginlinkedin" time="0.006"/>
  <system-out/>
</testsuite> <!-- grouping_testng.signup -->
