<?xml version="1.0" encoding="UTF-8"?>
<!-- Generated by org.testng.reporters.JUnitReportReporter -->
<testsuite hostname="Raj" failures="0" tests="3" name="grouping_testng.loginTest" time="0.045" errors="0" timestamp="2024-09-25T08:51:06 IST" skipped="0">
  <testcase classname="grouping_testng.loginTest" name="loginGmail" time="0.030"/>
  <system-out/>
  <testcase classname="grouping_testng.loginTest" name="loginnaukri" time="0.003"/>
  <system-out/>
  <testcase classname="grouping_testng.loginTest" name="loginlinkedin" time="0.012"/>
  <system-out/>
</testsuite> <!-- grouping_testng.loginTest -->
