<?xml version="1.0" encoding="UTF-8"?>
<!-- Generated by org.testng.reporters.JUnitReportReporter -->
<testsuite hostname="Raj" failures="0" tests="2" name="dataProviders.dataProvidrDemo" time="20.396" errors="0" timestamp="2024-09-25T12:55:17 IST" skipped="0">
  <testcase classname="dataProviders.dataProvidrDemo" name="testLogin" time="13.883"/>
  <system-out/>
  <testcase classname="dataProviders.dataProvidrDemo" name="testLogin" time="6.513"/>
  <system-out/>
</testsuite> <!-- dataProviders.dataProvidrDemo -->
