<?xml version="1.0" encoding="UTF-8"?>
<!-- Generated by org.testng.reporters.JUnitReportReporter -->
<testsuite hostname="Raj" failures="0" tests="1" name="testng.allAnnitations" time="0.021" errors="0" timestamp="2024-09-24T19:25:41 IST" skipped="0">
  <testcase classname="testng.allAnnitations" name="test" time="0.021"/>
  <system-out/>
</testsuite> <!-- testng.allAnnitations -->
