<?xml version="1.0" encoding="UTF-8"?>
<!-- Generated by org.testng.reporters.JUnitReportReporter -->
<testsuite hostname="Raj" failures="0" tests="3" name="grouping_testng.paymentTest" time="0.025" errors="0" timestamp="2024-09-25T09:04:17 IST" skipped="0">
  <testcase classname="grouping_testng.paymentTest" name="rupees" time="0.019"/>
  <system-out/>
  <testcase classname="grouping_testng.paymentTest" name="dollers" time="0.002"/>
  <system-out/>
  <testcase classname="grouping_testng.paymentTest" name="pounds" time="0.004"/>
  <system-out/>
</testsuite> <!-- grouping_testng.paymentTest -->
