<?xml version="1.0" encoding="UTF-8"?>
<!-- Generated by org.testng.reporters.JUnitReportReporter -->
<testsuite hostname="Raj" failures="0" tests="2" name="testng.annitations" time="0.020" errors="0" timestamp="2024-09-23T08:25:54 IST" skipped="0">
  <testcase classname="testng.annitations" name="search" time="0.017"/>
  <system-out/>
  <testcase classname="testng.annitations" name="advSearch" time="0.003"/>
  <system-out/>
</testsuite> <!-- testng.annitations -->
